TN:
SF:src\router.ts
FNF:0
FNH:0
DA:1,2
DA:2,2
DA:10,2
DA:17,2
DA:19,2
DA:21,2
DA:23,2
DA:25,2
DA:34,2
DA:36,2
DA:38,2
LF:11
LH:11
BRF:0
BRH:0
end_of_record
TN:
SF:src\server.ts
FN:6,connectDB
FN:21,(anonymous_2)
FNF:2
FNH:2
FNDA:3,connectDB
FNDA:1,(anonymous_2)
DA:1,2
DA:2,2
DA:3,2
DA:4,2
DA:6,2
DA:7,3
DA:8,3
DA:9,2
DA:12,1
DA:15,2
DA:17,2
DA:18,2
DA:19,2
DA:21,2
DA:22,1
DA:25,2
LF:16
LH:16
BRF:0
BRH:0
end_of_record
TN:
SF:src\config\db.ts
FNF:0
FNH:0
DA:1,2
DA:2,2
DA:4,2
DA:6,2
DA:11,2
LF:5
LH:5
BRF:0
BRH:0
end_of_record
TN:
SF:src\handlers\product.ts
FN:4,(anonymous_1)
FN:15,(anonymous_2)
FN:30,(anonymous_3)
FN:36,(anonymous_4)
FN:50,(anonymous_5)
FN:64,(anonymous_6)
FNF:6
FNH:6
FNDA:2,(anonymous_1)
FNDA:2,(anonymous_2)
FNDA:1,(anonymous_3)
FNDA:2,(anonymous_4)
FNDA:2,(anonymous_5)
FNDA:2,(anonymous_6)
DA:2,2
DA:4,2
DA:5,2
DA:12,2
DA:15,2
DA:16,2
DA:17,2
DA:23,2
DA:24,1
DA:27,1
DA:30,2
DA:31,1
DA:33,1
DA:36,2
DA:37,2
DA:38,2
DA:40,2
DA:41,1
DA:44,1
DA:45,1
DA:47,1
DA:50,2
DA:51,2
DA:52,2
DA:54,2
DA:55,1
DA:58,1
DA:59,1
DA:61,1
DA:64,2
DA:65,2
DA:66,2
DA:68,2
DA:69,1
DA:72,1
DA:74,1
LF:36
LH:36
BRDA:23,0,0,1
BRDA:40,1,0,1
BRDA:54,2,0,1
BRDA:68,3,0,1
BRF:4
BRH:4
end_of_record
TN:
SF:src\middleware\index.ts
FN:4,(anonymous_0)
FN:17,(anonymous_1)
FN:31,(anonymous_2)
FN:38,(anonymous_3)
FN:48,(anonymous_4)
FNF:5
FNH:5
FNDA:18,(anonymous_0)
FNDA:9,(anonymous_1)
FNDA:9,(anonymous_2)
FNDA:14,(anonymous_3)
FNDA:5,(anonymous_4)
DA:2,2
DA:4,2
DA:9,18
DA:10,18
DA:11,9
DA:14,9
DA:17,2
DA:22,9
DA:26,9
DA:31,9
DA:35,9
DA:38,2
DA:43,14
DA:45,14
DA:48,2
DA:53,5
DA:58,5
LF:17
LH:17
BRDA:10,0,0,9
BRF:1
BRH:1
end_of_record
TN:
SF:src\models\Product.model.ts
FNF:0
FNH:0
DA:1,3
DA:6,3
DA:10,3
DA:15,3
DA:21,3
DA:24,3
LF:6
LH:6
BRF:0
BRH:0
end_of_record
